<?xml version="1.0" encoding="UTF-8"?>
<testsuite name="won.techlog.poster.PosterControllerTest" tests="3" skipped="0" failures="0" errors="0" timestamp="2025-04-22T01:38:31.082Z" hostname="MacBook-Air-2.local" time="0.173">
  <properties/>
  <testcase name="특정 포스터를 조회한다()" classname="won.techlog.poster.PosterControllerTest" time="0.114"/>
  <testcase name="모든 포스터를 조회한다()" classname="won.techlog.poster.PosterControllerTest" time="0.045"/>
  <testcase name="포스터를 삭제한다()" classname="won.techlog.poster.PosterControllerTest" time="0.013"/>
  <system-out><![CDATA[2025-04-22T08:38:31.076+07:00  INFO 35790 --- [techlog] [    Test worker] t.c.s.AnnotationConfigContextLoaderUtils : Could not detect default configuration classes for test class [won.techlog.poster.PosterControllerTest]: PosterControllerTest does not declare any static, non-private, non-final, nested classes annotated with @Configuration.
2025-04-22T08:38:31.080+07:00  INFO 35790 --- [techlog] [    Test worker] .b.t.c.SpringBootTestContextBootstrapper : Found @SpringBootConfiguration won.techlog.TechlogApplication for test class won.techlog.poster.PosterControllerTest
Request method:	GET
Request URI:	http://localhost:57485/api/posters/1
Proxy:			<none>
Request params:	<none>
Query params:	<none>
Form params:	<none>
Path params:	id=1
Headers:		Accept=*/*
Cookies:		<none>
Multiparts:		<none>
Body:			<none>
HTTP/1.1 200 
Content-Type: application/json
Transfer-Encoding: chunked
Date: Tue, 22 Apr 2025 01:38:31 GMT
Keep-Alive: timeout=60
Connection: keep-alive

{
    "title": "test title",
    "thumbnail": "test thumbnailUrl",
    "content": "test content",
    "url": "test url"
}
Request method:	GET
Request URI:	http://localhost:57485/api/posters
Proxy:			<none>
Request params:	<none>
Query params:	<none>
Form params:	<none>
Path params:	<none>
Headers:		Accept=*/*
Cookies:		<none>
Multiparts:		<none>
Body:			<none>
HTTP/1.1 200 
Content-Type: application/json
Transfer-Encoding: chunked
Date: Tue, 22 Apr 2025 01:38:31 GMT
Keep-Alive: timeout=60
Connection: keep-alive

[
    {
        "title": "test A",
        "thumbnail": "test thumbnailUrl",
        "content": "test content",
        "url": "test url"
    },
    {
        "title": "test B",
        "thumbnail": "test thumbnailUrl",
        "content": "test content",
        "url": "test url"
    }
]
Request method:	DELETE
Request URI:	http://localhost:57485/api/posters/1
Proxy:			<none>
Request params:	<none>
Query params:	<none>
Form params:	<none>
Path params:	id=1
Headers:		Accept=*/*
Cookies:		<none>
Multiparts:		<none>
Body:			<none>
HTTP/1.1 200 
Content-Length: 0
Date: Tue, 22 Apr 2025 01:38:31 GMT
Keep-Alive: timeout=60
Connection: keep-alive
]]></system-out>
  <system-err><![CDATA[]]></system-err>
</testsuite>
